21:09:43,082  INFO GuardianResponseFetcher:23 - Initializing GuardianResponseFetcher
21:09:43,085  INFO GuardianResponseFetcher:29 - Try get list of articles...
21:09:43,085  INFO GuardianResponseFetcher:41 - writing param metadata
21:09:43,194  INFO GuardianResponseFetcher:49 - Using keywords: cloud platform
21:09:43,194  INFO GuardianResponseFetcher:50 - page-size: 5
21:09:43,326  WARN RegisterBuiltin:103 - NoClassDefFoundError: Unable to load builtin provider: org.jboss.resteasy.plugins.providers.DocumentProvider
21:09:45,319  INFO GuardianResponseBuilder:25 - Building List of articles...
21:09:45,413  INFO GuardianDefaultDocumentDownloader:49 - Crawling all articles for jobId: 20130625_210942
21:09:45,413  INFO GuardianDefaultDocumentDownloader:51 - Total articles: 5
21:09:45,415  INFO GuardianDefaultDocumentDownloader:57 - Downloading article: I spent 449 days in a tree without touching the ground - it was all worth it | Miranda Gibson
21:09:49,160  INFO GuardianDefaultDocumentDownloader:64 - Written : C:\Users\lamida\work\article-fetcher\article-downloader\ArticleDownloader\result\20130625_210942\html\01_commentisfree_2013_jun_25_tasmania-tree-protest-logging.html
21:09:49,161  INFO GuardianDefaultDocumentDownloader:57 - Downloading article: From memory to sexuality, the digital age is changing us completely | Jonathan Freedland
21:09:51,925  INFO GuardianDefaultDocumentDownloader:64 - Written : C:\Users\lamida\work\article-fetcher\article-downloader\ArticleDownloader\result\20130625_210942\html\02_commentisfree_2013_jun_21_memory-sexuality-digital-age-changing-human.html
21:09:51,925  INFO GuardianDefaultDocumentDownloader:57 - Downloading article: Xbox One: was Microsoft's reversal the right decision?
21:09:54,120  INFO GuardianDefaultDocumentDownloader:64 - Written : C:\Users\lamida\work\article-fetcher\article-downloader\ArticleDownloader\result\20130625_210942\html\03_technology_2013_jun_20_xbox-one-uturn-was-microsoft-right.html
21:09:54,121  INFO GuardianDefaultDocumentDownloader:57 - Downloading article: Graphics worker: 'The shouting of the bankers resembled constant gunfire' | Joris Luyendijk
21:09:56,589  INFO GuardianDefaultDocumentDownloader:64 - Written : C:\Users\lamida\work\article-fetcher\article-downloader\ArticleDownloader\result\20130625_210942\html\04_commentisfree_joris-luyendijk-banking-blog_2013_jun_20_graveyard-shift-graphics-worker-bank.html
21:09:56,589  INFO GuardianDefaultDocumentDownloader:57 - Downloading article: Feedly reaches 12m users as Google Reader alternatives battle hots up
21:09:59,019  INFO GuardianDefaultDocumentDownloader:64 - Written : C:\Users\lamida\work\article-fetcher\article-downloader\ArticleDownloader\result\20130625_210942\html\05_technology_blog_2013_jun_20_feedly-google-reader-alternatives-digg-flipboard.html
21:09:59,019  INFO GuardianDefaultDocumentDownloader:69 - saving response to loca: 
21:09:59,031  INFO GuardianJsoupContentParser:36 - construct jobId: 20130625_210942
21:09:59,031  INFO GuardianJsoupContentParser:42 - saveAll jobId: 20130625_210942
21:09:59,033  INFO GuardianJsoupContentParser:52 - sourceFile: 01_commentisfree_2013_jun_25_tasmania-tree-protest-logging.html
21:09:59,033  INFO GuardianJsoupContentParser:53 - targetFile: 01_commentisfree_2013_jun_25_tasmania-tree-protest-logging.txt
21:09:59,260  INFO GuardianJsoupContentParser:83 - createHeader countKeyWords: true
21:09:59,263  INFO GuardianJsoupContentParser:120 - calculateKeywords: document: Nothing can explain how I felt the moment the hammer went down to mark the decision yesterday - Tasm
21:09:59,263  INFO GuardianJsoupContentParser:132 - countWord
21:09:59,270  INFO GuardianJsoupContentParser:132 - countWord
21:09:59,278  INFO GuardianJsoupContentParser:52 - sourceFile: 02_commentisfree_2013_jun_21_memory-sexuality-digital-age-changing-human.html
21:09:59,279  INFO GuardianJsoupContentParser:53 - targetFile: 02_commentisfree_2013_jun_21_memory-sexuality-digital-age-changing-human.txt
21:09:59,342  INFO GuardianJsoupContentParser:83 - createHeader countKeyWords: true
21:09:59,342  INFO GuardianJsoupContentParser:120 - calculateKeywords: document: In this future, the past has been forgotten. Not entirely: there are still a few rebels who cling to
21:09:59,342  INFO GuardianJsoupContentParser:132 - countWord
21:09:59,348  INFO GuardianJsoupContentParser:132 - countWord
21:09:59,355  INFO GuardianJsoupContentParser:52 - sourceFile: 03_technology_2013_jun_20_xbox-one-uturn-was-microsoft-right.html
21:09:59,356  INFO GuardianJsoupContentParser:53 - targetFile: 03_technology_2013_jun_20_xbox-one-uturn-was-microsoft-right.txt
21:09:59,438  INFO GuardianJsoupContentParser:83 - createHeader countKeyWords: true
21:09:59,438  INFO GuardianJsoupContentParser:120 - calculateKeywords: document: The internet won – that's the message flooding Twitter. Microsoft's attempt to restrict the sales 
21:09:59,439  INFO GuardianJsoupContentParser:132 - countWord
21:09:59,453  INFO GuardianJsoupContentParser:132 - countWord
21:09:59,472  INFO GuardianJsoupContentParser:52 - sourceFile: 04_commentisfree_joris-luyendijk-banking-blog_2013_jun_20_graveyard-shift-graphics-worker-bank.html
21:09:59,472  INFO GuardianJsoupContentParser:53 - targetFile: 04_commentisfree_joris-luyendijk-banking-blog_2013_jun_20_graveyard-shift-graphics-worker-bank.txt
21:09:59,549  INFO GuardianJsoupContentParser:83 - createHeader countKeyWords: true
21:09:59,549  INFO GuardianJsoupContentParser:120 - calculateKeywords: document: She is a woman in her mid-30s, not British, who goes by the name of Nyla Nox, but worked in banks un
21:09:59,549  INFO GuardianJsoupContentParser:132 - countWord
21:09:59,550  INFO GuardianJsoupContentParser:132 - countWord
21:09:59,555  INFO GuardianJsoupContentParser:52 - sourceFile: 05_technology_blog_2013_jun_20_feedly-google-reader-alternatives-digg-flipboard.html
21:09:59,555  INFO GuardianJsoupContentParser:53 - targetFile: 05_technology_blog_2013_jun_20_feedly-google-reader-alternatives-digg-flipboard.txt
21:09:59,630  INFO GuardianJsoupContentParser:83 - createHeader countKeyWords: true
21:09:59,631  INFO GuardianJsoupContentParser:120 - calculateKeywords: document: The Google Reader RSS news-aggregator service shuts down on 1 July, and the battle to provide a home
21:09:59,631  INFO GuardianJsoupContentParser:132 - countWord
21:09:59,631  INFO GuardianJsoupContentParser:132 - countWord
21:09:59,651  INFO GuardianPdfContentParser:36 - construct jobId: 20130625_210942
21:09:59,655  INFO GuardianPdfContentParser:47 - construct jobId: 20130625_210942
21:09:59,655  INFO GuardianPdfContentParser:51 - saveAll jobId: 20130625_210942
21:09:59,658  INFO GuardianPdfContentParser:60 - sourceFile: 01_commentisfree_2013_jun_25_tasmania-tree-protest-logging.html
21:09:59,659  INFO GuardianPdfContentParser:61 - targetFile: 01_commentisfree_2013_jun_25_tasmania-tree-protest-logging.pdf
21:09:59,731  INFO GuardianPdfContentParser:83 - createHeader countKeyWords: true
21:09:59,731  INFO GuardianPdfContentParser:120 - calculateKeywords: document: Nothing can explain how I felt the moment the hammer went down to mark the decision yesterday - Tasm
21:09:59,731  INFO GuardianPdfContentParser:132 - countWord
21:09:59,732  INFO GuardianPdfContentParser:132 - countWord
21:09:59,732  INFO GuardianPdfContentParser:71 - writePdf
21:09:59,992  INFO GuardianPdfContentParser:90 - writeContent
21:09:59,992  INFO GuardianPdfContentParser:98 - highlightText
21:09:59,992  INFO GuardianPdfContentParser:117 - preparePattern keys: 
21:10:00,323  INFO GuardianPdfContentParser:60 - sourceFile: 02_commentisfree_2013_jun_21_memory-sexuality-digital-age-changing-human.html
21:10:00,324  INFO GuardianPdfContentParser:61 - targetFile: 02_commentisfree_2013_jun_21_memory-sexuality-digital-age-changing-human.pdf
21:10:00,343  INFO GuardianPdfContentParser:83 - createHeader countKeyWords: true
21:10:00,343  INFO GuardianPdfContentParser:120 - calculateKeywords: document: In this future, the past has been forgotten. Not entirely: there are still a few rebels who cling to
21:10:00,343  INFO GuardianPdfContentParser:132 - countWord
21:10:00,344  INFO GuardianPdfContentParser:132 - countWord
21:10:00,344  INFO GuardianPdfContentParser:71 - writePdf
21:10:00,347  INFO GuardianPdfContentParser:90 - writeContent
21:10:00,347  INFO GuardianPdfContentParser:98 - highlightText
21:10:00,347  INFO GuardianPdfContentParser:117 - preparePattern keys: 
21:10:00,585  INFO GuardianPdfContentParser:60 - sourceFile: 03_technology_2013_jun_20_xbox-one-uturn-was-microsoft-right.html
21:10:00,585  INFO GuardianPdfContentParser:61 - targetFile: 03_technology_2013_jun_20_xbox-one-uturn-was-microsoft-right.pdf
21:10:00,605  INFO GuardianPdfContentParser:83 - createHeader countKeyWords: true
21:10:00,605  INFO GuardianPdfContentParser:120 - calculateKeywords: document: The internet won – that's the message flooding Twitter. Microsoft's attempt to restrict the sales 
21:10:00,605  INFO GuardianPdfContentParser:132 - countWord
21:10:00,606  INFO GuardianPdfContentParser:132 - countWord
21:10:00,607  INFO GuardianPdfContentParser:71 - writePdf
21:10:00,609  INFO GuardianPdfContentParser:90 - writeContent
21:10:00,609  INFO GuardianPdfContentParser:98 - highlightText
21:10:00,609  INFO GuardianPdfContentParser:117 - preparePattern keys: 
21:10:00,701  INFO GuardianPdfContentParser:60 - sourceFile: 04_commentisfree_joris-luyendijk-banking-blog_2013_jun_20_graveyard-shift-graphics-worker-bank.html
21:10:00,701  INFO GuardianPdfContentParser:61 - targetFile: 04_commentisfree_joris-luyendijk-banking-blog_2013_jun_20_graveyard-shift-graphics-worker-bank.pdf
21:10:00,728  INFO GuardianPdfContentParser:83 - createHeader countKeyWords: true
21:10:00,728  INFO GuardianPdfContentParser:120 - calculateKeywords: document: She is a woman in her mid-30s, not British, who goes by the name of Nyla Nox, but worked in banks un
21:10:00,729  INFO GuardianPdfContentParser:132 - countWord
21:10:00,730  INFO GuardianPdfContentParser:132 - countWord
21:10:00,730  INFO GuardianPdfContentParser:71 - writePdf
21:10:00,732  INFO GuardianPdfContentParser:90 - writeContent
21:10:00,732  INFO GuardianPdfContentParser:98 - highlightText
21:10:00,732  INFO GuardianPdfContentParser:117 - preparePattern keys: 
21:10:00,787  INFO GuardianPdfContentParser:60 - sourceFile: 05_technology_blog_2013_jun_20_feedly-google-reader-alternatives-digg-flipboard.html
21:10:00,787  INFO GuardianPdfContentParser:61 - targetFile: 05_technology_blog_2013_jun_20_feedly-google-reader-alternatives-digg-flipboard.pdf
21:10:00,818  INFO GuardianPdfContentParser:83 - createHeader countKeyWords: true
21:10:00,818  INFO GuardianPdfContentParser:120 - calculateKeywords: document: The Google Reader RSS news-aggregator service shuts down on 1 July, and the battle to provide a home
21:10:00,819  INFO GuardianPdfContentParser:132 - countWord
21:10:00,819  INFO GuardianPdfContentParser:132 - countWord
21:10:00,819  INFO GuardianPdfContentParser:71 - writePdf
21:10:00,820  INFO GuardianPdfContentParser:90 - writeContent
21:10:00,821  INFO GuardianPdfContentParser:98 - highlightText
21:10:00,821  INFO GuardianPdfContentParser:117 - preparePattern keys: 
13:00:32,547  INFO GuardianResponseFetcher:24 - Initializing GuardianResponseFetcher
13:00:32,577  INFO GuardianResponseFetcher:30 - Try get list of articles...
13:00:32,577  INFO GuardianResponseFetcher:42 - writing param metadata
13:00:32,905  INFO GuardianResponseFetcher:50 - Using keywords: indonesia investment
13:00:32,905  INFO GuardianResponseFetcher:51 - page-size: 5
13:00:33,548  WARN RegisterBuiltin:103 - NoClassDefFoundError: Unable to load builtin provider: org.jboss.resteasy.plugins.providers.DocumentProvider
17:59:51,645  INFO GuardianResponseFetcher:24 - Initializing GuardianResponseFetcher
17:59:51,650  INFO GuardianResponseFetcher:30 - Try get list of articles...
17:59:51,650  INFO GuardianResponseFetcher:62 - writing param metadata
17:59:51,773  INFO GuardianResponseFetcher:42 - Using keywords: indonesia investment page-size: 5
17:59:51,920  WARN RegisterBuiltin:103 - NoClassDefFoundError: Unable to load builtin provider: org.jboss.resteasy.plugins.providers.DocumentProvider
17:59:54,349  INFO GuardianJsoupContentParser:33 - construct jobId: 20121125_152413
17:59:54,349  INFO GuardianJsoupContentParser:39 - saveAll jobId: 20121125_152413
17:59:54,364  INFO GuardianPdfContentParser:33 - construct jobId: 20121125_152413
17:59:54,409  INFO GuardianPdfContentParser:47 - construct jobId: 20121125_152413
17:59:54,409  INFO GuardianPdfContentParser:51 - saveAll jobId: 20121125_152413
18:03:16,626  INFO GuardianResponseFetcher:24 - Initializing GuardianResponseFetcher
18:03:16,631  INFO GuardianResponseFetcher:30 - Try get list of articles...
18:03:16,631  INFO GuardianResponseFetcher:62 - writing param metadata
18:03:16,752  INFO GuardianResponseFetcher:42 - Using keywords: indonesia investment page-size: 5
18:03:16,903  WARN RegisterBuiltin:103 - NoClassDefFoundError: Unable to load builtin provider: org.jboss.resteasy.plugins.providers.DocumentProvider
18:03:19,000  INFO GuardianJsoupContentParser:33 - construct jobId: 20121125_152413
18:03:19,000  INFO GuardianJsoupContentParser:39 - saveAll jobId: 20121125_152413
18:03:19,015  INFO GuardianPdfContentParser:33 - construct jobId: 20121125_152413
18:03:19,020  INFO GuardianPdfContentParser:47 - construct jobId: 20121125_152413
18:03:19,020  INFO GuardianPdfContentParser:51 - saveAll jobId: 20121125_152413
18:05:04,074  INFO GuardianResponseFetcher:24 - Initializing GuardianResponseFetcher
18:05:04,079  INFO GuardianResponseFetcher:30 - Try get list of articles...
18:05:04,079  INFO GuardianResponseFetcher:62 - writing param metadata
18:05:04,190  INFO GuardianResponseFetcher:42 - Using keywords: indonesia investment page-size: 5
18:05:04,338  WARN RegisterBuiltin:103 - NoClassDefFoundError: Unable to load builtin provider: org.jboss.resteasy.plugins.providers.DocumentProvider
18:05:48,366  INFO GuardianResponseFetcher:24 - Initializing GuardianResponseFetcher
18:05:48,371  INFO GuardianResponseFetcher:30 - Try get list of articles...
18:05:48,371  INFO GuardianResponseFetcher:62 - writing param metadata
18:05:48,482  INFO GuardianResponseFetcher:42 - Using keywords: indonesia investment page-size: 5
18:05:48,631  WARN RegisterBuiltin:103 - NoClassDefFoundError: Unable to load builtin provider: org.jboss.resteasy.plugins.providers.DocumentProvider
18:09:26,992  INFO GuardianResponseFetcher:24 - Initializing GuardianResponseFetcher
18:09:26,997  INFO GuardianResponseFetcher:30 - Try get list of articles...
18:09:26,997  INFO GuardianResponseFetcher:62 - writing param metadata
18:09:27,126  INFO GuardianResponseFetcher:66 - save metadata to C:\Users\lamida\work\article-fetcher\article-downloader\ArticleDownloader\result\20121125_152413 00_PARAM_METADATA.json
18:09:27,126  INFO GuardianResponseFetcher:42 - Using keywords: indonesia investment page-size: 5
18:09:27,279  WARN RegisterBuiltin:103 - NoClassDefFoundError: Unable to load builtin provider: org.jboss.resteasy.plugins.providers.DocumentProvider
18:09:59,820  INFO GuardianResponseFetcher:24 - Initializing GuardianResponseFetcher
18:09:59,825  INFO GuardianResponseFetcher:30 - Try get list of articles...
18:09:59,825  INFO GuardianResponseFetcher:62 - writing param metadata
18:09:59,947  INFO GuardianResponseFetcher:66 - save metadata to C:\Users\lamida\work\article-fetcher\article-downloader\ArticleDownloader\result\20121125_152413 00_PARAM_METADATA.json
18:09:59,948  INFO GuardianResponseFetcher:42 - Using keywords: indonesia investment page-size: 5
18:10:00,104  WARN RegisterBuiltin:103 - NoClassDefFoundError: Unable to load builtin provider: org.jboss.resteasy.plugins.providers.DocumentProvider
18:12:39,785  INFO GuardianResponseFetcher:24 - Initializing GuardianResponseFetcher
18:12:39,790  INFO GuardianResponseFetcher:30 - Try get list of articles...
18:12:39,790  INFO GuardianResponseFetcher:62 - writing param metadata
18:12:39,905  INFO GuardianResponseFetcher:66 - save metadata to C:\Users\lamida\work\article-fetcher\article-downloader\ArticleDownloader\result\20121125_152413 00_PARAM_METADATA.json
18:12:39,905  INFO GuardianResponseFetcher:42 - Using keywords: indonesia investment page-size: 5
18:12:40,051  WARN RegisterBuiltin:103 - NoClassDefFoundError: Unable to load builtin provider: org.jboss.resteasy.plugins.providers.DocumentProvider
18:12:42,012  INFO GuardianResponseBuilder:34 - Building List of articles...
18:15:16,800  INFO GuardianResponseFetcher:24 - Initializing GuardianResponseFetcher
18:15:16,804  INFO GuardianResponseFetcher:30 - Try get list of articles...
18:15:16,805  INFO GuardianResponseFetcher:62 - writing param metadata
18:15:16,918  INFO GuardianResponseFetcher:66 - save metadata to C:\Users\lamida\work\article-fetcher\article-downloader\ArticleDownloader\result\20121125_152413 00_PARAM_METADATA.json
18:15:16,918  INFO GuardianResponseFetcher:42 - Using keywords: indonesia investment page-size: 5
18:15:17,064  WARN RegisterBuiltin:103 - NoClassDefFoundError: Unable to load builtin provider: org.jboss.resteasy.plugins.providers.DocumentProvider
18:15:19,165  INFO GuardianResponseBuilder:34 - Building List of articles...
18:16:43,971  INFO GuardianResponseFetcher:24 - Initializing GuardianResponseFetcher
18:16:43,976  INFO GuardianResponseFetcher:30 - Try get list of articles...
18:16:43,976  INFO GuardianResponseFetcher:62 - writing param metadata
18:16:44,117  INFO GuardianResponseFetcher:66 - save metadata to C:\Users\lamida\work\article-fetcher\article-downloader\ArticleDownloader\result\20121125_152413 00_PARAM_METADATA.json
18:16:44,117  INFO GuardianResponseFetcher:42 - Using keywords: indonesia investment page-size: 5
18:16:44,298  WARN RegisterBuiltin:103 - NoClassDefFoundError: Unable to load builtin provider: org.jboss.resteasy.plugins.providers.DocumentProvider
18:16:48,008  INFO GuardianResponseBuilder:34 - Building List of articles...
18:31:28,599  INFO GuardianResponseFetcher:25 - Initializing GuardianResponseFetcher
18:31:28,604  INFO GuardianResponseFetcher:31 - Try get list of articles...
18:31:28,604  INFO GuardianResponseFetcher:41 - Using keywords: indonesia investment page-size: 5
18:31:28,768  WARN RegisterBuiltin:103 - NoClassDefFoundError: Unable to load builtin provider: org.jboss.resteasy.plugins.providers.DocumentProvider
18:32:21,188  INFO GuardianResponseFetcher:25 - Initializing GuardianResponseFetcher
18:32:21,193  INFO GuardianResponseFetcher:31 - Try get list of articles...
18:32:21,194  INFO GuardianResponseFetcher:41 - Using keywords: indonesia investment page-size: 5
18:32:21,349  WARN RegisterBuiltin:103 - NoClassDefFoundError: Unable to load builtin provider: org.jboss.resteasy.plugins.providers.DocumentProvider
18:34:36,449  INFO GuardianResponseFetcher:25 - Initializing GuardianResponseFetcher
18:34:36,454  INFO GuardianResponseFetcher:31 - Try get list of articles...
18:34:36,454  INFO GuardianResponseFetcher:41 - Using keywords: indonesia investment page-size: 5
18:34:36,603  WARN RegisterBuiltin:103 - NoClassDefFoundError: Unable to load builtin provider: org.jboss.resteasy.plugins.providers.DocumentProvider
18:34:38,543  INFO GuardianResponseFetcher:62 - writing param metadata
18:34:38,653  INFO GuardianResponseFetcher:66 - save metadata to C:\Users\lamida\work\article-fetcher\article-downloader\ArticleDownloader\result\20121125_152413 00_PARAM_META.json
18:34:38,668  INFO GuardianResponseBuilder:33 - Building List of articles...
19:45:26,745  INFO GuardianResponseFetcher:25 - Initializing GuardianResponseFetcher
19:45:26,750  INFO GuardianResponseFetcher:31 - Try get list of articles...
19:45:26,750  INFO GuardianResponseFetcher:41 - Using keywords: indonesia investment page-size: 5
19:45:26,916  WARN RegisterBuiltin:103 - NoClassDefFoundError: Unable to load builtin provider: org.jboss.resteasy.plugins.providers.DocumentProvider
19:45:29,469  INFO GuardianResponseFetcher:62 - writing param metadata
19:45:29,598  INFO GuardianResponseBuilder:33 - Building List of articles...
19:47:19,912  INFO GuardianResponseFetcher:25 - Initializing GuardianResponseFetcher
19:47:19,918  INFO GuardianResponseFetcher:31 - Try get list of articles...
19:47:19,918  INFO GuardianResponseFetcher:41 - Using keywords: indonesia investment page-size: 5
19:47:20,077  WARN RegisterBuiltin:103 - NoClassDefFoundError: Unable to load builtin provider: org.jboss.resteasy.plugins.providers.DocumentProvider
19:47:22,129  INFO GuardianResponseFetcher:62 - writing param metadata
19:47:22,250  INFO GuardianResponseBuilder:33 - Building List of articles...
19:47:22,293  INFO GuardianResponseBuilder:33 - Building List of articles...
19:47:22,294  INFO GuardianDefaultDocumentDownloader:46 - Crawling all articles for jobId: 20121125_152413
19:55:16,671  INFO GuardianResponseFetcher:25 - Initializing GuardianResponseFetcher
19:55:16,676  INFO GuardianResponseFetcher:31 - Try get list of articles...
19:55:16,676  INFO GuardianResponseFetcher:41 - Using keywords: indonesia investment page-size: 5
19:55:16,829  WARN RegisterBuiltin:103 - NoClassDefFoundError: Unable to load builtin provider: org.jboss.resteasy.plugins.providers.DocumentProvider
19:55:18,998  INFO GuardianResponseFetcher:62 - writing param metadata
19:55:19,130  INFO GuardianResponseBuilder:33 - Building List of articles...
19:55:19,174  INFO GuardianResponseBuilder:33 - Building List of articles...
19:55:19,175  INFO GuardianDefaultDocumentDownloader:46 - Crawling all articles for jobId: 20121125_152413
19:55:58,794  INFO GuardianResponseFetcher:25 - Initializing GuardianResponseFetcher
19:55:58,798  INFO GuardianResponseFetcher:31 - Try get list of articles...
19:55:58,798  INFO GuardianResponseFetcher:41 - Using keywords: indonesia investment page-size: 5
19:55:58,951  WARN RegisterBuiltin:103 - NoClassDefFoundError: Unable to load builtin provider: org.jboss.resteasy.plugins.providers.DocumentProvider
19:56:00,652  INFO GuardianResponseFetcher:62 - writing param metadata
19:56:00,776  INFO GuardianResponseBuilder:33 - Building List of articles...
19:56:00,822  INFO GuardianResponseBuilder:33 - Building List of articles...
14:34:28,187  INFO GuardianResponseFetcher:25 - Initializing GuardianResponseFetcher
14:34:28,244  INFO GuardianResponseFetcher:31 - Try get list of articles...
14:34:28,244  INFO GuardianResponseFetcher:41 - Using keywords: indonesia investment page-size: 5
14:34:28,407  WARN RegisterBuiltin:103 - NoClassDefFoundError: Unable to load builtin provider: org.jboss.resteasy.plugins.providers.DocumentProvider
14:34:30,693  INFO GuardianResponseFetcher:62 - writing param metadata
14:34:30,857  INFO GuardianResponseBuilder:33 - Building List of articles...
14:34:30,939  INFO GuardianResponseBuilder:33 - Building List of articles...
14:34:57,736  INFO GuardianResponseFetcher:25 - Initializing GuardianResponseFetcher
14:34:57,741  INFO GuardianResponseFetcher:31 - Try get list of articles...
14:34:57,742  INFO GuardianResponseFetcher:41 - Using keywords: indonesia investment page-size: 5
14:34:57,900  WARN RegisterBuiltin:103 - NoClassDefFoundError: Unable to load builtin provider: org.jboss.resteasy.plugins.providers.DocumentProvider
14:34:59,596  INFO GuardianResponseFetcher:62 - writing param metadata
14:34:59,726  INFO GuardianResponseBuilder:33 - Building List of articles...
14:34:59,782  INFO GuardianResponseBuilder:33 - Building List of articles...
14:35:53,754  INFO GuardianResponseFetcher:25 - Initializing GuardianResponseFetcher
14:35:53,760  INFO GuardianResponseFetcher:31 - Try get list of articles...
14:35:53,760  INFO GuardianResponseFetcher:41 - Using keywords: indonesia investment page-size: 5
14:35:53,925  WARN RegisterBuiltin:103 - NoClassDefFoundError: Unable to load builtin provider: org.jboss.resteasy.plugins.providers.DocumentProvider
14:35:56,016  INFO GuardianResponseFetcher:62 - writing param metadata
14:36:11,328  INFO GuardianResponseBuilder:33 - Building List of articles...
14:37:05,931  INFO GuardianResponseBuilder:33 - Building List of articles...
14:37:12,092  INFO GuardianResponseFetcher:25 - Initializing GuardianResponseFetcher
14:37:12,098  INFO GuardianResponseFetcher:31 - Try get list of articles...
14:37:12,099  INFO GuardianResponseFetcher:41 - Using keywords: indonesia investment page-size: 5
14:37:12,257  WARN RegisterBuiltin:103 - NoClassDefFoundError: Unable to load builtin provider: org.jboss.resteasy.plugins.providers.DocumentProvider
14:37:14,561  INFO GuardianResponseFetcher:62 - writing param metadata
14:37:14,707  INFO GuardianResponseBuilder:33 - Building List of articles...
14:40:19,462  INFO GuardianResponseFetcher:25 - Initializing GuardianResponseFetcher
14:40:19,467  INFO GuardianResponseFetcher:31 - Try get list of articles...
14:40:19,467  INFO GuardianResponseFetcher:41 - Using keywords: indonesia investment page-size: 5
14:40:19,633  WARN RegisterBuiltin:103 - NoClassDefFoundError: Unable to load builtin provider: org.jboss.resteasy.plugins.providers.DocumentProvider
14:40:21,824  INFO GuardianResponseFetcher:62 - writing param metadata
14:40:21,973  INFO GuardianResponseBuilder:33 - Building List of articles...
14:41:00,209  INFO GuardianResponseFetcher:25 - Initializing GuardianResponseFetcher
14:41:00,214  INFO GuardianResponseFetcher:31 - Try get list of articles...
14:41:00,214  INFO GuardianResponseFetcher:41 - Using keywords: indonesia investment page-size: 5
14:41:00,379  WARN RegisterBuiltin:103 - NoClassDefFoundError: Unable to load builtin provider: org.jboss.resteasy.plugins.providers.DocumentProvider
14:41:02,357  INFO GuardianResponseFetcher:62 - writing param metadata
14:44:20,385  INFO GuardianResponseFetcher:25 - Initializing GuardianResponseFetcher
14:44:20,391  INFO GuardianResponseFetcher:31 - Try get list of articles...
14:44:20,391  INFO GuardianResponseFetcher:50 - Using keywords: indonesia investment page-size: 5
14:44:20,562  WARN RegisterBuiltin:103 - NoClassDefFoundError: Unable to load builtin provider: org.jboss.resteasy.plugins.providers.DocumentProvider
14:44:23,325  INFO GuardianResponseFetcher:82 - writing param metadata
14:44:23,455  INFO GuardianResponseBuilder:33 - Building List of articles...
14:44:23,512  INFO GuardianResponseBuilder:33 - Building List of articles...
14:45:02,051  INFO GuardianResponseFetcher:25 - Initializing GuardianResponseFetcher
14:45:02,057  INFO GuardianResponseFetcher:31 - Try get list of articles...
14:45:02,057  INFO GuardianResponseFetcher:50 - Using keywords: indonesia investment page-size: 5
14:45:02,215  WARN RegisterBuiltin:103 - NoClassDefFoundError: Unable to load builtin provider: org.jboss.resteasy.plugins.providers.DocumentProvider
14:45:04,125  INFO GuardianResponseFetcher:82 - writing param metadata
14:45:04,259  INFO GuardianResponseBuilder:33 - Building List of articles...
14:45:04,325  INFO GuardianResponseBuilder:33 - Building List of articles...
14:45:21,718  INFO GuardianResponseFetcher:25 - Initializing GuardianResponseFetcher
14:45:21,725  INFO GuardianResponseFetcher:31 - Try get list of articles...
14:45:21,725  INFO GuardianResponseFetcher:50 - Using keywords: indonesia investment page-size: 5
14:45:21,892  WARN RegisterBuiltin:103 - NoClassDefFoundError: Unable to load builtin provider: org.jboss.resteasy.plugins.providers.DocumentProvider
14:45:22,941  INFO GuardianResponseFetcher:82 - writing param metadata
14:45:47,646  INFO GuardianResponseBuilder:33 - Building List of articles...
14:45:47,706  INFO GuardianResponseBuilder:33 - Building List of articles...
14:46:26,941  INFO GuardianResponseFetcher:25 - Initializing GuardianResponseFetcher
14:46:26,946  INFO GuardianResponseFetcher:31 - Try get list of articles...
14:46:26,946  INFO GuardianResponseFetcher:50 - Using keywords: indonesia investment page-size: 5
14:46:27,104  WARN RegisterBuiltin:103 - NoClassDefFoundError: Unable to load builtin provider: org.jboss.resteasy.plugins.providers.DocumentProvider
14:46:29,153  INFO GuardianResponseFetcher:82 - writing param metadata
14:46:29,297  INFO GuardianResponseBuilder:24 - Building List of articles...
14:46:29,353  INFO GuardianResponseBuilder:33 - Building List of articles...
14:46:52,649  INFO GuardianResponseFetcher:25 - Initializing GuardianResponseFetcher
14:46:52,654  INFO GuardianResponseFetcher:31 - Try get list of articles...
14:46:52,654  INFO GuardianResponseFetcher:50 - Using keywords: indonesia investment page-size: 5
14:46:52,811  WARN RegisterBuiltin:103 - NoClassDefFoundError: Unable to load builtin provider: org.jboss.resteasy.plugins.providers.DocumentProvider
14:46:54,171  INFO GuardianResponseFetcher:82 - writing param metadata
14:46:54,302  INFO GuardianResponseBuilder:24 - Building List of articles...
14:46:54,359  INFO GuardianResponseBuilder:24 - Building List of articles...
14:46:54,361  INFO GuardianDefaultDocumentDownloader:46 - Crawling all articles for jobId: 20121125_152413
14:46:54,361  INFO GuardianDefaultDocumentDownloader:48 - Total articles: 5
14:46:54,363  INFO GuardianDefaultDocumentDownloader:54 - Downloading article: Sir Mervyn King's great Bank of England myth
14:46:56,782  INFO GuardianDefaultDocumentDownloader:60 - Written : C:\Users\lamida\work\article-fetcher\article-downloader\ArticleDownloader\result\20121125_152413\html\01_business_nils-pratley-on-finance_2013_jun_29_mervyn-king-bank-of-england.html
14:46:56,782  INFO GuardianDefaultDocumentDownloader:54 - Downloading article: Five steps to start thinking like an exporter
14:46:58,963  INFO GuardianDefaultDocumentDownloader:60 - Written : C:\Users\lamida\work\article-fetcher\article-downloader\ArticleDownloader\result\20121125_152413\html\02_small-business-network_2013_jun_27_start-exporter-grow-business-overseas.html
14:46:58,964  INFO GuardianDefaultDocumentDownloader:54 - Downloading article: Policy: the difference Kevin Rudd could make
14:47:01,025  INFO GuardianDefaultDocumentDownloader:60 - Written : C:\Users\lamida\work\article-fetcher\article-downloader\ArticleDownloader\result\20121125_152413\html\03_world_2013_jun_27_policy-difference-rudd-could-make.html
14:47:01,025  INFO GuardianDefaultDocumentDownloader:54 - Downloading article: Julia Gillard calls Labor leadership ballot for 7pm - politics live blog
14:47:06,136  INFO GuardianDefaultDocumentDownloader:60 - Written : C:\Users\lamida\work\article-fetcher\article-downloader\ArticleDownloader\result\20121125_152413\html\04_world_2013_jun_26_labor-leadership-457-visas-rob-oakeshott.html
14:47:06,136  INFO GuardianDefaultDocumentDownloader:54 - Downloading article: Politics as it happened - parliament, and a farewell to Hazel Hawke - politics live blog
14:47:10,082  INFO GuardianDefaultDocumentDownloader:60 - Written : C:\Users\lamida\work\article-fetcher\article-downloader\ArticleDownloader\result\20121125_152413\html\05_world_2013_jun_25_knitting-julia-gillard-people-smuggling-hazel-hawke.html
14:47:10,082  INFO GuardianDefaultDocumentDownloader:77 - saving response to loca: 
15:20:47,363  INFO GuardianResponseFetcher:25 - Initializing GuardianResponseFetcher
15:20:47,367  INFO GuardianResponseFetcher:31 - Try get list of articles...
15:20:47,367  INFO GuardianResponseFetcher:50 - Using keywords: indonesia investment page-size: 5
15:20:47,557  WARN RegisterBuiltin:103 - NoClassDefFoundError: Unable to load builtin provider: org.jboss.resteasy.plugins.providers.DocumentProvider
15:20:49,939  INFO GuardianResponseFetcher:82 - writing param metadata
15:20:50,097  INFO GuardianResponseBuilder:24 - Building List of articles...
15:20:50,152  INFO GuardianResponseBuilder:24 - Building List of articles...
15:20:50,154  INFO GuardianDefaultDocumentDownloader:46 - Crawling all articles for jobId: 20121125_152413
15:20:50,155  INFO GuardianDefaultDocumentDownloader:48 - Total articles: 5
15:20:50,156  INFO GuardianDefaultDocumentDownloader:54 - Downloading article: Sir Mervyn King's great Bank of England myth
15:20:53,317  INFO GuardianDefaultDocumentDownloader:60 - Written : C:\Users\lamida\work\article-fetcher\article-downloader\ArticleDownloader\result\20121125_152413\html\01_business_nils-pratley-on-finance_2013_jun_29_mervyn-king-bank-of-england.html
15:20:53,317  INFO GuardianDefaultDocumentDownloader:54 - Downloading article: Five steps to start thinking like an exporter
15:20:55,217  INFO GuardianDefaultDocumentDownloader:60 - Written : C:\Users\lamida\work\article-fetcher\article-downloader\ArticleDownloader\result\20121125_152413\html\02_small-business-network_2013_jun_27_start-exporter-grow-business-overseas.html
15:20:55,217  INFO GuardianDefaultDocumentDownloader:54 - Downloading article: Policy: the difference Kevin Rudd could make
15:20:57,545  INFO GuardianDefaultDocumentDownloader:60 - Written : C:\Users\lamida\work\article-fetcher\article-downloader\ArticleDownloader\result\20121125_152413\html\03_world_2013_jun_27_policy-difference-rudd-could-make.html
15:20:57,545  INFO GuardianDefaultDocumentDownloader:54 - Downloading article: Julia Gillard calls Labor leadership ballot for 7pm - politics live blog
15:21:00,217  INFO GuardianDefaultDocumentDownloader:60 - Written : C:\Users\lamida\work\article-fetcher\article-downloader\ArticleDownloader\result\20121125_152413\html\04_world_2013_jun_26_labor-leadership-457-visas-rob-oakeshott.html
15:21:00,217  INFO GuardianDefaultDocumentDownloader:54 - Downloading article: Politics as it happened - parliament, and a farewell to Hazel Hawke - politics live blog
15:21:02,671  INFO GuardianDefaultDocumentDownloader:60 - Written : C:\Users\lamida\work\article-fetcher\article-downloader\ArticleDownloader\result\20121125_152413\html\05_world_2013_jun_25_knitting-julia-gillard-people-smuggling-hazel-hawke.html
15:21:02,671  INFO GuardianDefaultDocumentDownloader:77 - saving response to loca: 
16:29:27,033  INFO CnaSearchBuilder:47 - Building List of articles...
16:31:00,451  INFO CnaSearchBuilder:47 - Building List of articles...
16:35:47,672  INFO CnaSearchBuilder:48 - Building List of articles...
16:48:29,874  INFO CnaSearchBuilder:48 - Building List of articles...
17:21:49,543  INFO CnaSearchBuilder:48 - Building List of articles...
17:22:33,024  INFO CnaSearchBuilder:48 - Building List of articles...
